Determining if the pthread_create exist failed with the following output:
Change Dir: /home/fcschmidt/catkin_ws/build/CMakeFiles/CMakeTmp

Run Build Command:/usr/bin/make "cmTryCompileExec2748816164/fast"
/usr/bin/make -f CMakeFiles/cmTryCompileExec2748816164.dir/build.make CMakeFiles/cmTryCompileExec2748816164.dir/build
make[1]: Entrando no diretório `/home/fcschmidt/catkin_ws/build/CMakeFiles/CMakeTmp'
/usr/bin/cmake -E cmake_progress_report /home/fcschmidt/catkin_ws/build/CMakeFiles/CMakeTmp/CMakeFiles 1
Building C object CMakeFiles/cmTryCompileExec2748816164.dir/CheckSymbolExists.c.o
/usr/bin/cc    -o CMakeFiles/cmTryCompileExec2748816164.dir/CheckSymbolExists.c.o   -c /home/fcschmidt/catkin_ws/build/CMakeFiles/CMakeTmp/CheckSymbolExists.c
Linking C executable cmTryCompileExec2748816164
/usr/bin/cmake -E cmake_link_script CMakeFiles/cmTryCompileExec2748816164.dir/link.txt --verbose=1
/usr/bin/cc       CMakeFiles/cmTryCompileExec2748816164.dir/CheckSymbolExists.c.o  -o cmTryCompileExec2748816164 -rdynamic 
CMakeFiles/cmTryCompileExec2748816164.dir/CheckSymbolExists.c.o: na função `main':
CheckSymbolExists.c:(.text+0x16): referência indefinida para `pthread_create'
collect2: error: ld returned 1 exit status
make[1]: ** [cmTryCompileExec2748816164] Erro 1
make[1]: Saindo do diretório `/home/fcschmidt/catkin_ws/build/CMakeFiles/CMakeTmp'
make: ** [cmTryCompileExec2748816164/fast] Erro 2

File /home/fcschmidt/catkin_ws/build/CMakeFiles/CMakeTmp/CheckSymbolExists.c:
/* */
#include <pthread.h>

int main(int argc, char** argv)
{
  (void)argv;
#ifndef pthread_create
  return ((int*)(&pthread_create))[argc];
#else
  (void)argc;
  return 0;
#endif
}

Determining if the function pthread_create exists in the pthreads failed with the following output:
Change Dir: /home/fcschmidt/catkin_ws/build/CMakeFiles/CMakeTmp

Run Build Command:/usr/bin/make "cmTryCompileExec545711114/fast"
/usr/bin/make -f CMakeFiles/cmTryCompileExec545711114.dir/build.make CMakeFiles/cmTryCompileExec545711114.dir/build
make[1]: Entrando no diretório `/home/fcschmidt/catkin_ws/build/CMakeFiles/CMakeTmp'
/usr/bin/cmake -E cmake_progress_report /home/fcschmidt/catkin_ws/build/CMakeFiles/CMakeTmp/CMakeFiles 1
Building C object CMakeFiles/cmTryCompileExec545711114.dir/CheckFunctionExists.c.o
/usr/bin/cc   -DCHECK_FUNCTION_EXISTS=pthread_create   -o CMakeFiles/cmTryCompileExec545711114.dir/CheckFunctionExists.c.o   -c /usr/share/cmake-2.8/Modules/CheckFunctionExists.c
Linking C executable cmTryCompileExec545711114
/usr/bin/cmake -E cmake_link_script CMakeFiles/cmTryCompileExec545711114.dir/link.txt --verbose=1
/usr/bin/cc   -DCHECK_FUNCTION_EXISTS=pthread_create    CMakeFiles/cmTryCompileExec545711114.dir/CheckFunctionExists.c.o  -o cmTryCompileExec545711114 -rdynamic -lpthreads 
/usr/bin/ld: não foi possível encontrar -lpthreads
collect2: error: ld returned 1 exit status
make[1]: ** [cmTryCompileExec545711114] Erro 1
make[1]: Saindo do diretório `/home/fcschmidt/catkin_ws/build/CMakeFiles/CMakeTmp'
make: ** [cmTryCompileExec545711114/fast] Erro 2


